<?xml version="1.0" encoding="UTF-8"?>
<testsuite name="test.ShoppingCartTest" tests="3" skipped="0" failures="0" errors="0" timestamp="2026-01-21T05:18:30.818Z" hostname="MacBookAir.local" time="0.008">
  <properties/>
  <testcase name="testCheckOut()" classname="test.ShoppingCartTest" time="0.006"/>
  <testcase name="testAddItem()" classname="test.ShoppingCartTest" time="0.0"/>
  <testcase name="testIsDiscounted()" classname="test.ShoppingCartTest" time="0.0"/>
  <system-out><![CDATA[]]></system-out>
  <system-err><![CDATA[]]></system-err>
</testsuite>
